<?xml version="1.0" encoding="UTF-8"?>
<!-- Generated by org.testng.reporters.JUnitReportReporter -->
<testsuite hostname="ATMVASHIA01" name="com.synchronisys.automation.selenium.FirstTest" tests="2" failures="0" timestamp="11 Aug 2015 22:19:49 GMT" time="5.673" errors="0">
  <testcase name="driver" time="5.673" classname="com.synchronisys.automation.selenium.FirstTest"/>
  <testcase name="first" time="0.000" classname="com.synchronisys.automation.selenium.FirstTest"/>
</testsuite> <!-- com.synchronisys.automation.selenium.FirstTest -->
