<?xml version="1.0" encoding="UTF-8"?>
<!-- Generated by org.testng.reporters.JUnitReportReporter -->
<testsuite hostname="ATMVASHIA01" name="com.synchronisys.automation.selenium.FirstTest" tests="2" failures="0" timestamp="11 Aug 2015 21:57:03 GMT" time="2.905" errors="0">
  <testcase name="driver" time="2.905" classname="com.synchronisys.automation.selenium.FirstTest"/>
  <testcase name="first" time="0.000" classname="com.synchronisys.automation.selenium.FirstTest"/>
</testsuite> <!-- com.synchronisys.automation.selenium.FirstTest -->
